.                                        | ÔÇëWARNÔÇë Unsupported engine: wanted: {"node":"^22.21.0"} (current: {"node":"v23.6.1","pnpm":"10.19.0"})

> @acme/tanstack-start@ typecheck C:\Users\gonza\Desktop\Gonzalo Manuel Morales\development\projects\ACP\apps\tanstack-start
> tsc --noEmit

src/auth/server.ts(12,3): error TS2353: Object literal may only specify known properties, and 'discordClientId' does not exist in type '{ baseUrl: string; productionUrl: string; secret: string | undefined; extraPlugins?: { id: "react-start-cookies"; hooks: { after: { matcher(ctx: EndpointContext<string, any> & Omit<...> & { ...; }): true; handler: (inputContext: MiddlewareInputContext<...>) => Promise<...>; }[]; }; }[] | undefined; }'.
src/auth/server.ts(12,24): error TS2339: Property 'AUTH_DISCORD_ID' does not exist on type 'Readonly<{ NODE_ENV: "test" | "production" | "development"; POSTGRES_URL: string; AUTH_SECRET?: string | undefined; CI?: string | undefined; VERCEL?: string | undefined; VERCEL_ENV?: "production" | "development" | "preview" | undefined; ... 17 more ...; VERCEL_GIT_PULL_REQUEST_ID?: string | undefined; }>'.
src/auth/server.ts(13,28): error TS2339: Property 'AUTH_DISCORD_SECRET' does not exist on type 'Readonly<{ NODE_ENV: "test" | "production" | "development"; POSTGRES_URL: string; AUTH_SECRET?: string | undefined; CI?: string | undefined; VERCEL?: string | undefined; VERCEL_ENV?: "production" | "development" | "preview" | undefined; ... 17 more ...; VERCEL_GIT_PULL_REQUEST_ID?: string | undefined; }>'.
src/routes/index.tsx(11,10): error TS2305: Module '"@acme/db/schema"' has no exported member 'CreatePostSchema'.
src/routes/index.tsx(30,41): error TS2339: Property 'post' does not exist on type 'TRPCOptionsProxy<BuiltRouter<{ ctx: { authApi: any; session: { session: { id: string; createdAt: Date; updatedAt: Date; userId: string; expiresAt: Date; token: string; ipAddress?: string | null | undefined; userAgent?: string | ... 1 more ... | undefined; impersonatedBy?: string | ... 1 more ... | undefined; }; user...'.
src/routes/index.tsx(68,10): error TS2339: Property 'post' does not exist on type 'TRPCOptionsProxy<BuiltRouter<{ ctx: { authApi: any; session: { session: { id: string; createdAt: Date; updatedAt: Date; userId: string; expiresAt: Date; token: string; ipAddress?: string | null | undefined; userAgent?: string | ... 1 more ... | undefined; impersonatedBy?: string | ... 1 more ... | undefined; }; user...'.
src/routes/index.tsx(71,50): error TS2339: Property 'post' does not exist on type 'TRPCOptionsProxy<BuiltRouter<{ ctx: { authApi: any; session: { session: { id: string; createdAt: Date; updatedAt: Date; userId: string; expiresAt: Date; token: string; ipAddress?: string | null | undefined; userAgent?: string | ... 1 more ... | undefined; impersonatedBy?: string | ... 1 more ... | undefined; }; user...'.
src/routes/index.tsx(73,17): error TS7006: Parameter 'err' implicitly has an 'any' type.
src/routes/index.tsx(91,43): error TS2345: Argument of type '{ content: string; title: string; }' is not assignable to parameter of type 'void'.
src/routes/index.tsx(159,49): error TS2339: Property 'post' does not exist on type 'TRPCOptionsProxy<BuiltRouter<{ ctx: { authApi: any; session: { session: { id: string; createdAt: Date; updatedAt: Date; userId: string; expiresAt: Date; token: string; ipAddress?: string | null | undefined; userAgent?: string | ... 1 more ... | undefined; impersonatedBy?: string | ... 1 more ... | undefined; }; user...'.
src/routes/index.tsx(161,7): error TS18046: 'posts' is of type 'unknown'.
src/routes/index.tsx(177,8): error TS18046: 'posts' is of type 'unknown'.
src/routes/index.tsx(177,19): error TS7006: Parameter 'p' implicitly has an 'any' type.
src/routes/index.tsx(184,48): error TS2339: Property 'post' does not exist on type 'GetInferenceHelpers<"output", { ctx: { authApi: any; session: { session: { id: string; createdAt: Date; updatedAt: Date; userId: string; expiresAt: Date; token: string; ipAddress?: string | null | undefined; userAgent?: string | ... 1 more ... | undefined; impersonatedBy?: string | ... 1 more ... | undefined; }; use...'.
src/routes/index.tsx(188,10): error TS2339: Property 'post' does not exist on type 'TRPCOptionsProxy<BuiltRouter<{ ctx: { authApi: any; session: { session: { id: string; createdAt: Date; updatedAt: Date; userId: string; expiresAt: Date; token: string; ipAddress?: string | null | undefined; userAgent?: string | ... 1 more ... | undefined; impersonatedBy?: string | ... 1 more ... | undefined; }; user...'.
src/routes/index.tsx(190,50): error TS2339: Property 'post' does not exist on type 'TRPCOptionsProxy<BuiltRouter<{ ctx: { authApi: any; session: { session: { id: string; createdAt: Date; updatedAt: Date; userId: string; expiresAt: Date; token: string; ipAddress?: string | null | undefined; userAgent?: string | ... 1 more ... | undefined; impersonatedBy?: string | ... 1 more ... | undefined; }; user...'.
src/routes/index.tsx(192,17): error TS7006: Parameter 'err' implicitly has an 'any' type.
C:\Users\gonza\Desktop\Gonzalo Manuel Morales\development\projects\ACP\apps\tanstack-start:
ÔÇëERR_PNPM_RECURSIVE_RUN_FIRST_FAILÔÇë @acme/tanstack-start@ typecheck: `tsc --noEmit`
Exit status 1
