src/router/registrations.ts(3,111): error TS2305: Module '"@acme/db/schema"' has no exported member 'eventEnum'.
src/router/tournaments.ts(25,51): error TS2322: Type '{ subEvents: true; } | undefined' is not assignable to type '{ parentTournament?: true | { columns?: { id?: boolean | undefined; name?: boolean | undefined; slug?: boolean | undefined; venue?: boolean | undefined; location?: boolean | undefined; ... 10 more ...; parentId?: boolean | undefined; } | undefined; with?: ... | undefined; extras?: Record<...> | ... 1 more ... | unde...'.
  Object literal may only specify known properties, and 'subEvents' does not exist in type '{ parentTournament?: true | { columns?: { id?: boolean | undefined; name?: boolean | undefined; slug?: boolean | undefined; venue?: boolean | undefined; location?: boolean | undefined; ... 10 more ...; parentId?: boolean | undefined; } | undefined; with?: ... | undefined; extras?: Record<...> | ... 1 more ... | unde...'.
src/router/tournaments.ts(38,25): error TS2353: Object literal may only specify known properties, and 'subEvents' does not exist in type '{ parentTournament?: true | { columns?: { id?: boolean | undefined; name?: boolean | undefined; slug?: boolean | undefined; venue?: boolean | undefined; location?: boolean | undefined; ... 10 more ...; parentId?: boolean | undefined; } | undefined; with?: ... | undefined; extras?: Record<...> | ... 1 more ... | unde...'.
src/router/tournaments.ts(146,49): error TS2769: No overload matches this call.
  Overload 1 of 2, '(value: { name: string | SQL<unknown> | Placeholder<string, any>; slug: string | SQL<unknown> | Placeholder<string, any>; venue: string | SQL<unknown> | Placeholder<string, any>; ... 12 more ...; parentId?: string | ... 3 more ... | undefined; }): PgInsertBase<...>', gave the following error.
    Object literal may only specify known properties, and 'event' does not exist in type '{ name: string | SQL<unknown> | Placeholder<string, any>; slug: string | SQL<unknown> | Placeholder<string, any>; venue: string | SQL<unknown> | Placeholder<string, any>; ... 12 more ...; parentId?: string | ... 3 more ... | undefined; }'.
  Overload 2 of 2, '(values: { name: string | SQL<unknown> | Placeholder<string, any>; slug: string | SQL<unknown> | Placeholder<string, any>; venue: string | SQL<unknown> | Placeholder<string, any>; ... 12 more ...; parentId?: string | ... 3 more ... | undefined; }[]): PgInsertBase<...>', gave the following error.
    Object literal may only specify known properties, and 'name' does not exist in type '{ name: string | SQL<unknown> | Placeholder<string, any>; slug: string | SQL<unknown> | Placeholder<string, any>; venue: string | SQL<unknown> | Placeholder<string, any>; ... 12 more ...; parentId?: string | ... 3 more ... | undefined; }[]'.
../shared/src/validators.ts(2,77): error TS2305: Module '"@acme/db/schema"' has no exported member 'eventEnum'.
